生成启动时间为 2015/8/1 1:19:46。
     1>项目“C:\Users\charles\Documents\Visual Studio 2010\Projects\deng\src\countones\countones.vcxproj”在节点 5 上(build 个目标)。
     1>InitializeBuildStatus:
         正在创建“Release\countones.unsuccessfulbuild”，因为已指定“AlwaysCreate”。
       ClCompile:
         d:\Program Files\Microsoft Visual Studio 10.0\VC\bin\CL.exe /c /Zi /nologo /W3 /WX- /O2 /Oi /Oy- /GL /D WIN32 /D NDEBUG /D _CONSOLE /D _UNICODE /D UNICODE /Gm- /EHsc /MD /GS /Gy /fp:precise /Zc:wchar_t /Zc:forScope /Fo"Release\\" /Fd"Release\vc100.pdb" /Gd /TP /analyze- /errorReport:prompt countOnes.cpp countOnes_1.cpp countOnes_2.cpp main.cpp
         countOnes.cpp
         countOnes_1.cpp
         countOnes_2.cpp
         main.cpp
       Link:
         d:\Program Files\Microsoft Visual Studio 10.0\VC\bin\link.exe /ERRORREPORT:PROMPT /OUT:"C:\Users\charles\Documents\Visual Studio 2010\Projects\deng\src\Release\countones.exe" /INCREMENTAL:NO /NOLOGO kernel32.lib user32.lib gdi32.lib winspool.lib comdlg32.lib advapi32.lib shell32.lib ole32.lib oleaut32.lib uuid.lib odbc32.lib odbccp32.lib /MANIFEST /ManifestFile:"Release\countones.exe.intermediate.manifest" /MANIFESTUAC:"level='asInvoker' uiAccess='false'" /DEBUG /PDB:"C:\Users\charles\Documents\Visual Studio 2010\Projects\deng\src\Release\countones.pdb" /SUBSYSTEM:CONSOLE /OPT:REF /OPT:ICF /LTCG /TLBID:1 /DYNAMICBASE /NXCOMPAT /IMPLIB:"C:\Users\charles\Documents\Visual Studio 2010\Projects\deng\src\Release\countones.lib" /MACHINE:X86 Release\countOnes.obj
         Release\countOnes_1.obj
         Release\countOnes_2.obj
         Release\main.obj
         正在生成代码
         已完成代码的生成
         countones.vcxproj -> C:\Users\charles\Documents\Visual Studio 2010\Projects\deng\src\Release\countones.exe
       Manifest:
         C:\Program Files\Microsoft SDKs\Windows\v7.0A\bin\mt.exe /nologo /verbose /outputresource:"C:\Users\charles\Documents\Visual Studio 2010\Projects\deng\src\Release\countones.exe;#1" /manifest Release\countones.exe.intermediate.manifest
       FinalizeBuildStatus:
         正在删除文件“Release\countones.unsuccessfulbuild”。
         正在对“Release\countones.lastbuildstate”执行 Touch 任务。
     1>已完成生成项目“C:\Users\charles\Documents\Visual Studio 2010\Projects\deng\src\countones\countones.vcxproj”(build 个目标)的操作。

生成成功。

已用时间 00:00:03.25
