生成启动时间为 2015/8/1 1:19:52。
     1>项目“C:\Users\charles\Documents\Visual Studio 2010\Projects\deng\src\string_pm_bm_bc+gs\string_pm_bm_bc+gs.vcxproj”在节点 3 上(build 个目标)。
     1>InitializeBuildStatus:
         正在创建“Release\string_pm_bm_bc+gs.unsuccessfulbuild”，因为已指定“AlwaysCreate”。
       ClCompile:
         d:\Program Files\Microsoft Visual Studio 10.0\VC\bin\CL.exe /c /Zi /nologo /W3 /WX- /O2 /Oi /Oy- /GL /D WIN32 /D NDEBUG /D _CONSOLE /D _UNICODE /D UNICODE /Gm- /EHsc /MD /GS /Gy /fp:precise /Zc:wchar_t /Zc:forScope /Fo"Release\\" /Fd"Release\vc100.pdb" /Gd /TP /analyze- /errorReport:prompt pm_bm_bc+gs.cpp ..\string_pm_bm_bc\pm_bm_buildBC.cpp pm_bm_buildGS.cpp ..\string_pm\string_pm_test.cpp
         pm_bm_bc+gs.cpp
         pm_bm_buildBC.cpp
         pm_bm_buildGS.cpp
         string_pm_test.cpp
       Link:
         d:\Program Files\Microsoft Visual Studio 10.0\VC\bin\link.exe /ERRORREPORT:PROMPT /OUT:"C:\Users\charles\Documents\Visual Studio 2010\Projects\deng\src\Release\string_pm_bm_bc+gs.exe" /INCREMENTAL:NO /NOLOGO kernel32.lib user32.lib gdi32.lib winspool.lib comdlg32.lib advapi32.lib shell32.lib ole32.lib oleaut32.lib uuid.lib odbc32.lib odbccp32.lib /MANIFEST /ManifestFile:"Release\string_pm_bm_bc+gs.exe.intermediate.manifest" /MANIFESTUAC:"level='asInvoker' uiAccess='false'" /DEBUG /PDB:"C:\Users\charles\Documents\Visual Studio 2010\Projects\deng\src\Release\string_pm_bm_bc+gs.pdb" /SUBSYSTEM:CONSOLE /OPT:REF /OPT:ICF /LTCG /TLBID:1 /DYNAMICBASE /NXCOMPAT /IMPLIB:"C:\Users\charles\Documents\Visual Studio 2010\Projects\deng\src\Release\string_pm_bm_bc+gs.lib" /MACHINE:X86 Release\pm_bm_bc+gs.obj
         Release\pm_bm_buildBC.obj
         Release\pm_bm_buildGS.obj
         Release\string_pm_test.obj
         正在生成代码
         已完成代码的生成
         string_pm_bm_bc+gs.vcxproj -> C:\Users\charles\Documents\Visual Studio 2010\Projects\deng\src\Release\string_pm_bm_bc+gs.exe
       Manifest:
         C:\Program Files\Microsoft SDKs\Windows\v7.0A\bin\mt.exe /nologo /verbose /outputresource:"C:\Users\charles\Documents\Visual Studio 2010\Projects\deng\src\Release\string_pm_bm_bc+gs.exe;#1" /manifest Release\string_pm_bm_bc+gs.exe.intermediate.manifest
       FinalizeBuildStatus:
         正在删除文件“Release\string_pm_bm_bc+gs.unsuccessfulbuild”。
         正在对“Release\string_pm_bm_bc+gs.lastbuildstate”执行 Touch 任务。
     1>已完成生成项目“C:\Users\charles\Documents\Visual Studio 2010\Projects\deng\src\string_pm_bm_bc+gs\string_pm_bm_bc+gs.vcxproj”(build 个目标)的操作。

生成成功。

已用时间 00:00:01.97
