生成启动时间为 2015/6/7 0:05:46。
     1>项目“C:\Users\charles\documents\visual studio 2010\Projects\textquery\textquery.vcxproj”在节点 2 上(build 个目标)。
     1>InitializeBuildStatus:
         正在创建“Debug\textquery.unsuccessfulbuild”，因为已指定“AlwaysCreate”。
       ClCompile:
         d:\Program Files\Microsoft Visual Studio 10.0\VC\bin\CL.exe /c /ZI /nologo /W3 /WX- /Od /Oy- /D WIN32 /D _DEBUG /D _CONSOLE /D _UNICODE /D UNICODE /Gm /EHsc /RTC1 /MDd /GS /fp:precise /Zc:wchar_t /Zc:forScope /Fo"Debug\\" /Fd"Debug\vc100.pdb" /Gd /TP /analyze- /errorReport:prompt chaxun.cpp
         chaxun.cpp
       ManifestResourceCompile:
         所有输出均为最新。
       Link:
         d:\Program Files\Microsoft Visual Studio 10.0\VC\bin\link.exe /ERRORREPORT:PROMPT /OUT:"C:\Users\charles\documents\visual studio 2010\Projects\textquery\Debug\textquery.exe" /INCREMENTAL /NOLOGO kernel32.lib user32.lib gdi32.lib winspool.lib comdlg32.lib advapi32.lib shell32.lib ole32.lib oleaut32.lib uuid.lib odbc32.lib odbccp32.lib /MANIFEST /ManifestFile:"Debug\textquery.exe.intermediate.manifest" /MANIFESTUAC:"level='asInvoker' uiAccess='false'" /DEBUG /PDB:"C:\Users\charles\documents\visual studio 2010\Projects\textquery\Debug\textquery.pdb" /SUBSYSTEM:CONSOLE /TLBID:1 /DYNAMICBASE /NXCOMPAT /IMPLIB:"C:\Users\charles\documents\visual studio 2010\Projects\textquery\Debug\textquery.lib" /MACHINE:X86 Debug\textquery.exe.embed.manifest.res
         Debug\chaxun.obj
         Debug\textquery.obj
       Manifest:
         C:\Program Files\Microsoft SDKs\Windows\v7.0A\bin\mt.exe /nologo /verbose /out:"Debug\textquery.exe.embed.manifest" /manifest Debug\textquery.exe.intermediate.manifest
         所有输出均为最新。
       LinkEmbedManifest:
         所有输出均为最新。
         textquery.vcxproj -> C:\Users\charles\documents\visual studio 2010\Projects\textquery\Debug\textquery.exe
       FinalizeBuildStatus:
         正在删除文件“Debug\textquery.unsuccessfulbuild”。
         正在对“Debug\textquery.lastbuildstate”执行 Touch 任务。
     1>已完成生成项目“C:\Users\charles\documents\visual studio 2010\Projects\textquery\textquery.vcxproj”(build 个目标)的操作。

生成成功。

已用时间 00:00:01.37
