生成启动时间为 2015/8/1 1:20:36。
     1>项目“C:\Users\charles\Documents\Visual Studio 2010\Projects\deng\src\queen_stack\queen_stack.vcxproj”在节点 3 上(build 个目标)。
     1>InitializeBuildStatus:
         正在创建“Release\queen_stack.unsuccessfulbuild”，因为已指定“AlwaysCreate”。
       ClCompile:
         d:\Program Files\Microsoft Visual Studio 10.0\VC\bin\CL.exe /c /Zi /nologo /W3 /WX- /O2 /Oi /Oy- /GL /D WIN32 /D NDEBUG /D _CONSOLE /D _UNICODE /D UNICODE /Gm- /EHsc /MD /GS /Gy /fp:precise /Zc:wchar_t /Zc:forScope /Fo"Release\\" /Fd"Release\vc100.pdb" /Gd /TP /analyze- /errorReport:prompt displayProgress.cpp main.cpp placeQueens.cpp
         displayProgress.cpp
         main.cpp
         placeQueens.cpp
       Link:
         d:\Program Files\Microsoft Visual Studio 10.0\VC\bin\link.exe /ERRORREPORT:PROMPT /OUT:"C:\Users\charles\Documents\Visual Studio 2010\Projects\deng\src\Release\queen_stack.exe" /INCREMENTAL:NO /NOLOGO kernel32.lib user32.lib gdi32.lib winspool.lib comdlg32.lib advapi32.lib shell32.lib ole32.lib oleaut32.lib uuid.lib odbc32.lib odbccp32.lib /MANIFEST /ManifestFile:"Release\queen_stack.exe.intermediate.manifest" /MANIFESTUAC:"level='asInvoker' uiAccess='false'" /DEBUG /PDB:"C:\Users\charles\Documents\Visual Studio 2010\Projects\deng\src\Release\queen_stack.pdb" /SUBSYSTEM:CONSOLE /OPT:REF /OPT:ICF /LTCG /TLBID:1 /DYNAMICBASE /NXCOMPAT /IMPLIB:"C:\Users\charles\Documents\Visual Studio 2010\Projects\deng\src\Release\queen_stack.lib" /MACHINE:X86 Release\displayProgress.obj
         Release\main.obj
         Release\placeQueens.obj
         正在生成代码
         已完成代码的生成
         queen_stack.vcxproj -> C:\Users\charles\Documents\Visual Studio 2010\Projects\deng\src\Release\queen_stack.exe
       Manifest:
         C:\Program Files\Microsoft SDKs\Windows\v7.0A\bin\mt.exe /nologo /verbose /outputresource:"C:\Users\charles\Documents\Visual Studio 2010\Projects\deng\src\Release\queen_stack.exe;#1" /manifest Release\queen_stack.exe.intermediate.manifest
       FinalizeBuildStatus:
         正在删除文件“Release\queen_stack.unsuccessfulbuild”。
         正在对“Release\queen_stack.lastbuildstate”执行 Touch 任务。
     1>已完成生成项目“C:\Users\charles\Documents\Visual Studio 2010\Projects\deng\src\queen_stack\queen_stack.vcxproj”(build 个目标)的操作。

生成成功。

已用时间 00:00:04.66
